[2023-04-29 00:45:46]Please enter a nickname: 
[2023-04-29 00:45:59]NOkl joined to chat!
[2023-04-29 00:45:59]Number of people in the chat 1
[2023-04-29 00:46:06]NOkl: Hi broo
[2023-04-29 00:46:18]Please enter a nickname: 
[2023-04-29 00:46:24]Bolkd joined to chat!
[2023-04-29 00:46:24]Bolkd joined to chat!
[2023-04-29 00:46:24]Number of people in the chat 2
[2023-04-29 00:46:24]Number of people in the chat 2
[2023-04-29 00:46:28]Bolkd: BOjj
[2023-04-29 00:46:28]Bolkd: BOjj
[2023-04-29 00:46:37]Bolkd: Nokjd
[2023-04-29 00:46:37]Bolkd: Nokjd
[2023-04-29 00:46:41]Bolkd: Balld
[2023-04-29 00:46:41]Bolkd: Balld[2023-06-05 17:40:45]Please enter a nickname: 
[2023-06-05 17:40:58]Miki joined to chat!
[2023-06-05 17:40:58]Number of people in the chat 1
[2023-06-05 17:41:09]Miki: 5
[2023-06-05 17:41:40]Miki: y
[2023-06-05 17:41:53]Miki: end
[2023-06-05 17:42:17]Miki: Sonu
[2023-06-05 17:42:26]Miki: exit
[2023-06-05 17:42:55]Please enter a nickname: 
[2023-06-05 17:43:02]Soni joined to chat!
[2023-06-05 17:43:02]Number of people in the chat 2
[2023-06-05 17:43:28]Soni: 05/06/2023
[2023-06-05 17:44:50]Soni: ebd
[2023-06-05 17:45:00]Please enter a nickname: 
[2023-06-05 17:45:08]Pety joined to chat!
[2023-06-05 17:45:08]Number of people in the chat 3
[2023-06-05 17:45:44]Please enter a nickname: 
[2023-06-05 17:45:53]Any joined to chat!
[2023-06-05 17:45:53]Number of people in the chat 4
